<?xml version="1.0" encoding="UTF-8"?>
<robot generator="Robot 3.2.1 (Python 3.8.3 on win32)" generated="20200829 18:39:17.186" rpa="false">
<suite id="s1" name="Correct Email" source="C:\AutomationPractice\MyStore\MyStore\ui_tests\tests\correct_email.robot">
<test id="s1-t1" name="Correct Email and Correct Password">
<kw name="Open Session" library="base" type="setup">
<kw name="Open Browser" library="SeleniumLibrary">
<doc>Opens a new browser instance to the optional ``url``.</doc>
<arguments>
<arg>about:blank</arg>
<arg>${Browser}</arg>
</arguments>
<msg timestamp="20200829 18:39:18.881" level="INFO">Opening browser 'chrome' to base url 'about:blank'.</msg>
<status status="PASS" starttime="20200829 18:39:18.880" endtime="20200829 18:39:39.825"></status>
</kw>
<status status="PASS" starttime="20200829 18:39:18.878" endtime="20200829 18:39:39.828"></status>
</kw>
<kw name="Given I access the main page" library="kws">
<kw name="Go To" library="SeleniumLibrary">
<doc>Navigates the current browser window to the provided ``url``.</doc>
<arguments>
<arg>${base_url}</arg>
</arguments>
<msg timestamp="20200829 18:39:39.839" level="INFO">Opening url 'http://automationpractice.com/index.php?controller=authentication&amp;back=my-account'</msg>
<status status="PASS" starttime="20200829 18:39:39.834" endtime="20200829 18:40:04.289"></status>
</kw>
<kw name="Wait Until Element Is Visible" library="SeleniumLibrary">
<doc>Waits until the element ``locator`` is visible.</doc>
<arguments>
<arg>${LOGIN_FORM}</arg>
<arg>50</arg>
</arguments>
<status status="PASS" starttime="20200829 18:40:04.291" endtime="20200829 18:40:04.443"></status>
</kw>
<status status="PASS" starttime="20200829 18:39:39.831" endtime="20200829 18:40:04.444"></status>
</kw>
<kw name="When I submit my email &quot;bruna.mec51@yahoo.com.br&quot;" library="kws">
<kw name="Input Text" library="SeleniumLibrary">
<doc>Types the given ``text`` into the text field identified by ``locator``.</doc>
<arguments>
<arg>${EMAIL_FIELD}</arg>
<arg>${email}</arg>
</arguments>
<msg timestamp="20200829 18:40:04.453" level="INFO">Typing text '"bruna.mec51@yahoo.com.br"' into text field 'id: email'.</msg>
<status status="PASS" starttime="20200829 18:40:04.451" endtime="20200829 18:40:05.134"></status>
</kw>
<status status="PASS" starttime="20200829 18:40:04.447" endtime="20200829 18:40:05.136"></status>
</kw>
<kw name="And I submit my password &quot;548407&quot;" library="kws">
<kw name="Input Text" library="SeleniumLibrary">
<doc>Types the given ``text`` into the text field identified by ``locator``.</doc>
<arguments>
<arg>${PASSWORD_FIELD}</arg>
<arg>${password}</arg>
</arguments>
<msg timestamp="20200829 18:40:05.145" level="INFO">Typing text '"548407"' into text field 'id: passwd'.</msg>
<status status="PASS" starttime="20200829 18:40:05.143" endtime="20200829 18:40:05.702"></status>
</kw>
<status status="PASS" starttime="20200829 18:40:05.139" endtime="20200829 18:40:05.704"></status>
</kw>
<kw name="And I click in &quot;Sign in&quot; button" library="kws">
<kw name="Click Element" library="SeleniumLibrary">
<doc>Click the element identified by ``locator``.</doc>
<arguments>
<arg>${SIGNIN_BUTTON}</arg>
</arguments>
<msg timestamp="20200829 18:40:05.713" level="INFO">Clicking element 'css:button[type=submit]'.</msg>
<status status="PASS" starttime="20200829 18:40:05.712" endtime="20200829 18:40:08.937"></status>
</kw>
<status status="PASS" starttime="20200829 18:40:05.709" endtime="20200829 18:40:08.939"></status>
</kw>
<kw name="Then I should see my account" library="kws">
<kw name="Wait Until Element Is Visible" library="SeleniumLibrary">
<doc>Waits until the element ``locator`` is visible.</doc>
<arguments>
<arg>${DIV_ROW}</arg>
<arg>50</arg>
</arguments>
<status status="PASS" starttime="20200829 18:40:08.951" endtime="20200829 18:40:09.147"></status>
</kw>
<status status="PASS" starttime="20200829 18:40:08.947" endtime="20200829 18:40:09.148"></status>
</kw>
<kw name="Close Session" library="base" type="teardown">
<kw name="Capture Page Screenshot" library="SeleniumLibrary">
<doc>Takes a screenshot of the current page and embeds it into a log file.</doc>
<msg timestamp="20200829 18:40:09.788" level="INFO" html="yes">&lt;/td&gt;&lt;/tr&gt;&lt;tr&gt;&lt;td colspan="3"&gt;&lt;a href="selenium-screenshot-8.png"&gt;&lt;img src="selenium-screenshot-8.png" width="800px"&gt;&lt;/a&gt;</msg>
<status status="PASS" starttime="20200829 18:40:09.154" endtime="20200829 18:40:09.789"></status>
</kw>
<kw name="Close Browser" library="SeleniumLibrary">
<doc>Closes the current browser.</doc>
<status status="PASS" starttime="20200829 18:40:09.791" endtime="20200829 18:40:14.988"></status>
</kw>
<status status="PASS" starttime="20200829 18:40:09.151" endtime="20200829 18:40:14.989"></status>
</kw>
<status status="PASS" starttime="20200829 18:39:18.874" endtime="20200829 18:40:14.990" critical="yes"></status>
</test>
<doc>suite dos testes de login com email correto</doc>
<status status="PASS" starttime="20200829 18:39:17.210" endtime="20200829 18:40:14.998"></status>
</suite>
<statistics>
<total>
<stat pass="1" fail="0">Critical Tests</stat>
<stat pass="1" fail="0">All Tests</stat>
</total>
<tag>
</tag>
<suite>
<stat pass="1" fail="0" id="s1" name="Correct Email">Correct Email</stat>
</suite>
</statistics>
<errors>
</errors>
</robot>
